0 1.08032
1 0.0895117
2 -0.125698
3 -1.26848
4 -0.363496
5 -0.458873
6 0.439514
7 0.846523
8 1.06896
9 -0.431312
10 -0.459054
11 -0.492016
12 -0.854037
13 0.796202
14 1.3613
15 1.37934
16 0.0644692
17 -0.613199
18 -0.307698
19 -0.829252
20 -0.448275
21 0.906661
22 0.410492
23 0.904033
24 -0.560554
25 -0.663791
26 -0.505945
27 0.291821
28 0.0209108
29 1.24796
30 0.284227
31 0.43025
32 -0.359719
33 -0.849141
34 0.0759292
35 0.497686
36 0.337818
37 0.90648
38 -0.319536
39 -0.171112
40 -0.884783
41 -0.4413
42 0.160754
43 1.4682
44 1.22243
45 0.416036
46 0.0175839
47 -0.308731
48 -0.41394
49 0.0497767
50 0.494449
