-2.000000 1.107148
-1.960000 1.071383
-1.920000 1.035843
-1.880000 1.000541
-1.840000 0.965490
-1.800000 0.930706
-1.760000 0.896205
-1.720000 0.862003
-1.680000 0.828120
-1.640000 0.794572
-1.600000 0.761381
-1.560000 0.728566
-1.520000 0.696149
-1.480000 0.664152
-1.440000 0.632599
-1.400000 0.601514
-1.360000 0.570922
-1.320000 0.540849
-1.280000 0.511320
-1.240000 0.482363
-1.200000 0.454006
-1.160000 0.426275
-1.120000 0.399200
-1.080000 0.372808
-1.040000 0.347127
-1.000000 0.322185
-0.960000 0.298010
-0.920000 0.274629
-0.880000 0.252067
-0.840000 0.230350
-0.800000 0.209502
-0.760000 0.189546
-0.720000 0.170505
-0.680000 0.152398
-0.640000 0.135245
-0.600000 0.119062
-0.560000 0.103866
-0.520000 0.089671
-0.480000 0.076489
-0.440000 0.064332
-0.400000 0.053208
-0.360000 0.043126
-0.320000 0.034092
-0.280000 0.026112
-0.240000 0.019190
-0.200000 0.013329
-0.160000 0.008532
-0.120000 0.004800
-0.080000 0.002133
-0.040000 0.000533
0.000000 -0.000000
0.040000 0.000533
0.080000 0.002133
0.120000 0.004800
0.160000 0.008535
0.200000 0.013337
0.240000 0.019210
0.280000 0.026155
0.320000 0.034175
0.360000 0.043275
0.400000 0.053461
0.440000 0.064739
0.480000 0.077119
0.520000 0.090610
0.560000 0.105227
0.600000 0.120984
0.640000 0.137899
0.680000 0.155994
0.720000 0.175294
0.760000 0.195827
0.800000 0.217628
0.840000 0.240736
0.880000 0.265198
0.920000 0.291068
0.960000 0.318409
1.000000 0.347296
1.040000 0.377819
1.080000 0.410085
1.120000 0.444223
1.160000 0.480390
1.200000 0.518785
1.240000 0.559655
1.280000 0.603323
1.320000 0.650220
1.360000 0.700942
1.400000 0.756355
1.440000 0.817813
1.480000 0.887662
1.520000 0.970738
1.560000 1.081469
1.560000 1.409347
1.520000 1.477601
1.480000 1.518066
1.440000 1.545163
1.400000 1.563715
1.360000 1.576057
1.320000 1.583531
1.280000 1.586989
1.240000 1.587012
1.200000 1.584014
1.160000 1.578298
1.120000 1.570094
1.080000 1.559574
1.040000 1.546872
1.000000 1.532089
0.960000 1.515299
0.920000 1.496556
0.880000 1.475895
0.840000 1.453333
0.800000 1.428872
0.760000 1.402499
0.720000 1.374186
0.680000 1.343885
0.640000 1.311535
0.600000 1.277051
0.560000 1.240327
0.520000 1.201227
0.480000 1.159581
0.440000 1.115174
0.400000 1.067736
0.360000 1.016917
0.320000 0.962261
0.280000 0.903158
0.240000 0.838760
0.200000 0.767842
0.160000 0.688514
0.120000 0.597585
0.080000 0.488828
0.040000 0.346143
0.000000 0.000000
0.000000 -0.000000
0.040000 -0.346677
0.080000 -0.490961
0.120000 -0.602386
0.160000 -0.697048
0.200000 -0.781179
0.240000 -0.857970
0.280000 -0.929313
0.320000 -0.996436
0.360000 -1.060192
0.400000 -1.121197
0.440000 -1.179913
0.480000 -1.236699
0.520000 -1.291837
0.560000 -1.345554
0.600000 -1.398035
0.640000 -1.449434
0.680000 -1.499879
0.720000 -1.549479
0.760000 -1.598326
0.800000 -1.646500
0.840000 -1.694069
0.880000 -1.741093
0.920000 -1.787624
0.960000 -1.833708
1.000000 -1.879385
1.040000 -1.924692
1.080000 -1.969659
1.120000 -2.014317
1.160000 -2.058689
1.200000 -2.102799
1.240000 -2.146667
1.280000 -2.190312
1.320000 -2.233751
1.360000 -2.276999
1.400000 -2.320070
1.440000 -2.362976
1.480000 -2.405729
1.520000 -2.448339
1.560000 -2.490816
1.600000 -2.533169
1.640000 -2.575406
1.680000 -2.617535
1.720000 -2.659561
1.760000 -2.701492
1.800000 -2.743334
1.840000 -2.785091
1.880000 -2.826769
1.920000 -2.868373
1.960000 -2.909906
